<?xml version="1.0" encoding="UTF-8"?>
<!-- Generated by org.testng.reporters.JUnitXMLReporter -->
<testsuite ignored="0" hostname="Bis-Mac-mini.local" failures="1" tests="39" name="XML008_Collection" time="5012.716" errors="0" timestamp="24 Jan 2019 08:05:04 GMT">
  <testcase classname="TestCases.TS010_CollectionScripts03" name="@AfterClass clearUp" time="22.375">
    <failure type="java.lang.NullPointerException">
      <![CDATA[java.lang.NullPointerException
	at Keywords.CollectionKeywords.swipeRightToLeftItem(CollectionKeywords.java:651)
	at TestCases.TS010_CollectionScripts03.clearUp(TS010_CollectionScripts03.java:245)
... Removed 24 stack frames]]>
    </failure>
  </testcase> <!-- @AfterClass clearUp -->
  <testcase classname="TestCases.TS010_CollectionScripts06" name="@AfterClass clearUp" time="107.75">
    <failure type="org.openqa.selenium.NoSuchElementException" message="An element could not be located on the page using the given search parameters.
For documentation on this error, please visit: http://seleniumhq.org/exceptions/no_such_element.html
Build info: version: &amp;apos;3.14.0&amp;apos;, revision: &amp;apos;aacccce0&amp;apos;, time: &amp;apos;2018-08-02T20:19:58.91Z&amp;apos;
System info: host: &amp;apos;Bis-Mac-mini.local&amp;apos;, ip: &amp;apos;192.168.1.63&amp;apos;, os.name: &amp;apos;Mac OS X&amp;apos;, os.arch: &amp;apos;x86_64&amp;apos;, os.version: &amp;apos;10.13.6&amp;apos;, java.version: &amp;apos;10.0.2&amp;apos;
Driver info: io.appium.java_client.ios.IOSDriver
Capabilities {app: /Users/Bi_DATA/FileFloApp/F..., automationName: XCUITest, browserName: , databaseEnabled: false, deviceName: iPhone 6s, javascriptEnabled: true, locationContextEnabled: false, networkConnectionEnabled: false, newCommandTimeout: 4000, noReset: false, platform: MAC, platformName: iOS, platformVersion: 12.0, showXcodeLog: true, takesScreenshot: true, udid: 94D12BCB-9253-4B1A-B4CB-B2D..., webStorageEnabled: false}
Session ID: 6603430d-710f-4d8f-87a9-f33cd1af5d9e
*** Element info: {Using=name, value=}">
      <![CDATA[org.openqa.selenium.NoSuchElementException: An element could not be located on the page using the given search parameters.
For documentation on this error, please visit: http://seleniumhq.org/exceptions/no_such_element.html
Build info: version: '3.14.0', revision: 'aacccce0', time: '2018-08-02T20:19:58.91Z'
System info: host: 'Bis-Mac-mini.local', ip: '192.168.1.63', os.name: 'Mac OS X', os.arch: 'x86_64', os.version: '10.13.6', java.version: '10.0.2'
Driver info: io.appium.java_client.ios.IOSDriver
Capabilities {app: /Users/Bi_DATA/FileFloApp/F..., automationName: XCUITest, browserName: , databaseEnabled: false, deviceName: iPhone 6s, javascriptEnabled: true, locationContextEnabled: false, networkConnectionEnabled: false, newCommandTimeout: 4000, noReset: false, platform: MAC, platformName: iOS, platformVersion: 12.0, showXcodeLog: true, takesScreenshot: true, udid: 94D12BCB-9253-4B1A-B4CB-B2D..., webStorageEnabled: false}
Session ID: 6603430d-710f-4d8f-87a9-f33cd1af5d9e
*** Element info: {Using=name, value=}
	at org.openqa.selenium.remote.http.W3CHttpResponseCodec.createException(W3CHttpResponseCodec.java:187)
	at org.openqa.selenium.remote.http.W3CHttpResponseCodec.decode(W3CHttpResponseCodec.java:122)
	at org.openqa.selenium.remote.http.W3CHttpResponseCodec.decode(W3CHttpResponseCodec.java:49)
	at org.openqa.selenium.remote.HttpCommandExecutor.execute(HttpCommandExecutor.java:158)
	at io.appium.java_client.remote.AppiumCommandExecutor.execute(AppiumCommandExecutor.java:231)
	at org.openqa.selenium.remote.RemoteWebDriver.execute(RemoteWebDriver.java:548)
	at io.appium.java_client.DefaultGenericMobileDriver.execute(DefaultGenericMobileDriver.java:42)
	at io.appium.java_client.AppiumDriver.execute(AppiumDriver.java:1)
	at io.appium.java_client.ios.IOSDriver.execute(IOSDriver.java:1)
	at org.openqa.selenium.remote.RemoteWebDriver.findElement(RemoteWebDriver.java:322)
	at io.appium.java_client.DefaultGenericMobileDriver.findElement(DefaultGenericMobileDriver.java:62)
	at io.appium.java_client.AppiumDriver.findElement(AppiumDriver.java:1)
	at io.appium.java_client.ios.IOSDriver.findElement(IOSDriver.java:1)
	at org.openqa.selenium.remote.RemoteWebDriver.findElementByName(RemoteWebDriver.java:400)
	at io.appium.java_client.DefaultGenericMobileDriver.findElementByName(DefaultGenericMobileDriver.java:118)
	at io.appium.java_client.AppiumDriver.findElementByName(AppiumDriver.java:1)
	at io.appium.java_client.ios.IOSDriver.findElementByName(IOSDriver.java:1)
	at org.openqa.selenium.By$ByName.findElement(By.java:284)
	at org.openqa.selenium.remote.RemoteWebDriver.findElement(RemoteWebDriver.java:314)
	at io.appium.java_client.DefaultGenericMobileDriver.findElement(DefaultGenericMobileDriver.java:58)
	at io.appium.java_client.AppiumDriver.findElement(AppiumDriver.java:1)
	at io.appium.java_client.ios.IOSDriver.findElement(IOSDriver.java:1)
	at Support.SetupServer.tapElement(SetupServer.java:240)
	at Keywords.CollectionKeywords.swipeRightToLeftItem(CollectionKeywords.java:674)
	at TestCases.TS010_CollectionScripts06.clearUp(TS010_CollectionScripts06.java:270)
... Removed 27 stack frames]]>
    </failure>
  </testcase> <!-- @AfterClass clearUp -->
  <testcase classname="TestCases.TS010_CollectionScripts01" name="TS010_CollectionScripts01_Collection1_verifyCollectionView" time="4.781"/>
  <testcase classname="TestCases.TS010_CollectionScripts01" name="TS010_CollectionScripts01_Collection2_addNewEventFromPlusIcon" time="118.861"/>
  <testcase classname="TestCases.TS010_CollectionScripts01" name="TS010_CollectionScripts01_Collection3_addNewTodoFromPlusIcon" time="101.037"/>
  <testcase classname="TestCases.TS010_CollectionScripts01" name="TS010_CollectionScripts01_Collection4_addNewContactFromPlusIcon" time="154.804"/>
  <testcase classname="TestCases.TS010_CollectionScripts01" name="TS010_CollectionScripts01_Collection5_addNewNoteFromPlusIcon" time="118.8"/>
  <testcase classname="TestCases.TS010_CollectionScripts02" name="TS010_CollectionScripts02_Collection1_addEventLinkedToEventBySwipe" time="253.021"/>
  <testcase classname="TestCases.TS010_CollectionScripts02" name="TS010_CollectionScripts02_Collection2_addTodoLinkedToEventBySwipe" time="167.251"/>
  <testcase classname="TestCases.TS010_CollectionScripts02" name="TS010_CollectionScripts02_Collection3_addNoteLinkedToEventBySwipe" time="219.057"/>
  <testcase classname="TestCases.TS010_CollectionScripts02" name="TS010_CollectionScripts02_Collection4_moveEventToCollectionBySwipe" time="81.789"/>
  <testcase classname="TestCases.TS010_CollectionScripts02" name="TS010_CollectionScripts02_Collection5_addEventToCollectionBySwipe" time="129.096"/>
  <testcase classname="TestCases.TS010_CollectionScripts02" name="TS010_CollectionScripts02_Collection6_deleteEventBySwipe" time="19.223"/>
  <testcase classname="TestCases.TS010_CollectionScripts03" name="TS010_CollectionScripts03_Collection1_addEmailLinkedToDoBySwipe" time="244.536"/>
  <testcase classname="TestCases.TS010_CollectionScripts03" name="TS010_CollectionScripts03_Collection2_addNoteLinkedToDoBySwipe" time="4.501">
    <failure type="java.lang.NullPointerException">
      <![CDATA[java.lang.NullPointerException
	at Keywords.CollectionKeywords.swipeLeftToRightItem(CollectionKeywords.java:570)
	at TestCases.TS010_CollectionScripts03.TS010_CollectionScripts03_Collection2_addNoteLinkedToDoBySwipe(TS010_CollectionScripts03.java:116)
... Removed 24 stack frames]]>
    </failure>
  </testcase> <!-- TS010_CollectionScripts03_Collection2_addNoteLinkedToDoBySwipe -->
  <testcase classname="TestCases.TS010_CollectionScripts03" name="TS010_CollectionScripts03_Collection3_addDueForToDoBySwipe" time="33.645"/>
  <testcase classname="TestCases.TS010_CollectionScripts03" name="TS010_CollectionScripts03_Collection3_addDueForToDoBySwipe" time="33.52"/>
  <testcase classname="TestCases.TS010_CollectionScripts03" name="TS010_CollectionScripts03_Collection3_addDueForToDoBySwipe" time="34.605"/>
  <testcase classname="TestCases.TS010_CollectionScripts03" name="TS010_CollectionScripts03_Collection3_addDueForToDoBySwipe" time="33.167"/>
  <testcase classname="TestCases.TS010_CollectionScripts03" name="TS010_CollectionScripts03_Collection4_MoveToDoToCollectionBySwipe" time="75.564"/>
  <testcase classname="TestCases.TS010_CollectionScripts03" name="TS010_CollectionScripts03_Collection5_addToDoToCollectionBySwipe" time="108.905"/>
  <testcase classname="TestCases.TS010_CollectionScripts03" name="TS010_CollectionScripts03_Collection6_deleteToDoBySwipe" time="19.646"/>
  <testcase classname="TestCases.TS010_CollectionScripts04" name="TS010_CollectionScripts04_Collection1_sendAnEmailBySwipeOnContact" time="140.866"/>
  <testcase classname="TestCases.TS010_CollectionScripts04" name="TS010_CollectionScripts04_Collection2_createNewEventBySwipeOnContact" time="226.562"/>
  <testcase classname="TestCases.TS010_CollectionScripts04" name="TS010_CollectionScripts04_Collection3_moveContactToCollectionBySwipe" time="112.147"/>
  <testcase classname="TestCases.TS010_CollectionScripts04" name="TS010_CollectionScripts04_Collection4_addContactToCollectionBySwipe" time="155.375"/>
  <testcase classname="TestCases.TS010_CollectionScripts04" name="TS010_CollectionScripts04_Collection5_deleteContactBySwipe" time="19.467"/>
  <testcase classname="TestCases.TS010_CollectionScripts05" name="TS010_CollectionScripts05_Collection1_sendEmailBySwipeOnNote" time="150.66"/>
  <testcase classname="TestCases.TS010_CollectionScripts05" name="TS010_CollectionScripts05_Collection2_createNewEventBySwipeOnNote" time="195.791"/>
  <testcase classname="TestCases.TS010_CollectionScripts05" name="TS010_CollectionScripts05_Collection3_createNewTodoBySwipeOnNote" time="123.477"/>
  <testcase classname="TestCases.TS010_CollectionScripts05" name="TS010_CollectionScripts05_Collection4_moveNoteToCollectionBySwipe" time="94.434"/>
  <testcase classname="TestCases.TS010_CollectionScripts05" name="TS010_CollectionScripts05_Collection5_addNoteToCollectionsBySwipe" time="109.144"/>
  <testcase classname="TestCases.TS010_CollectionScripts05" name="TS010_CollectionScripts05_Collection6_deleteNoteBySwipe" time="19.305"/>
  <testcase classname="TestCases.TS010_CollectionScripts06" name="TS010_CollectionScripts06_Collection1_addNewEventFromSuggestionList" time="124.781"/>
  <testcase classname="TestCases.TS010_CollectionScripts06" name="TS010_CollectionScripts06_Collection2_addNewTodoFromSuggestionList" time="114.828"/>
  <testcase classname="TestCases.TS010_CollectionScripts06" name="TS010_CollectionScripts06_Collection3_addNewContactFromSuggestionList" time="125.032"/>
  <testcase classname="TestCases.TS010_CollectionScripts06" name="TS010_CollectionScripts06_Collection4_addNewNoteFromSuggestionList" time="115.091"/>
  <testcase classname="TestCases.TS010_CollectionScripts06" name="TS010_CollectionScripts06_Collection5_searchAndAddEvent" time="63.77"/>
  <testcase classname="TestCases.TS010_CollectionScripts06" name="TS010_CollectionScripts06_Collection6_searchAndAddTodo" time="61.722"/>
  <testcase classname="TestCases.TS010_CollectionScripts06" name="TS010_CollectionScripts06_Collection7_searchAndAddNote" time="61.373"/>
  <testcase classname="TestCases.TS010_CollectionScripts06" name="TS010_CollectionScripts06_Collection8_searchAndAddContact" time="73.967"/>
</testsuite> <!-- XML008_Collection -->
