<?xml version="1.0" encoding="UTF-8"?>
<!-- Generated by org.testng.reporters.JUnitXMLReporter -->
<testsuite ignored="0" hostname="Bis-Mac-mini.local" failures="1" tests="17" name="XML001_Home" time="2637.712" errors="0" timestamp="26 Sep 2018 09:39:28 GMT">
  <testcase classname="TestCases.TS003_HomeScripts02" name="TS003_HomeScripts02_Home1_checkAllIconInBottomBar" time="107.288"/>
  <testcase classname="TestCases.TS003_HomeScripts02" name="TS003_HomeScripts02_Home2_checkItemInPopupGlobal" time="45.032"/>
  <testcase classname="TestCases.TS003_HomeScripts02" name="TS003_HomeScripts02_Home3_checkCollectionTopAfterFilterView" time="103.66"/>
  <testcase classname="TestCases.TS003_HomeScripts02" name="TS003_HomeScripts02_Home3_checkCollectionTopAfterFilterView" time="89.188"/>
  <testcase classname="TestCases.TS003_HomeScripts02" name="TS003_HomeScripts02_Home3_checkCollectionTopAfterFilterView" time="96.842"/>
  <testcase classname="TestCases.TS003_HomeScripts02" name="TS003_HomeScripts02_Home3_checkCollectionTopAfterFilterView" time="89.081"/>
  <testcase classname="TestCases.TS003_HomeScripts02" name="TS003_HomeScripts02_Home3_checkCollectionTopAfterFilterView" time="80.203"/>
  <testcase classname="TestCases.TS003_HomeScripts02" name="TS003_HomeScripts02_Home4_checkCollectionTopAfterAddTodo" time="194.997"/>
  <testcase classname="TestCases.TS003_HomeScripts02" name="TS003_HomeScripts02_Home5_checkCollectionTopAfterAddContact" time="179.268"/>
  <testcase classname="TestCases.TS003_HomeScripts02" name="TS003_HomeScripts02_Home6_checkCollectionTopAfterAddNote" time="159.536"/>
  <testcase classname="TestCases.TS003_HomeScripts02" name="TS003_HomeScripts02_Home7_checkCollectionTopAfterAddEmail" time="245.572"/>
  <testcase classname="TestCases.TS003_HomeScripts03" name="TS003_HomeScripts03_Home1_checkCollectionOnTopAfterEditCollection" time="104.299">
    <failure type="java.lang.AssertionError" message="Test case is failed - Bug 26325 ">
      <![CDATA[java.lang.AssertionError: Test case is failed - Bug 26325 
	at TestCases.TS003_HomeScripts03.TS003_HomeScripts03_Home1_checkCollectionOnTopAfterEditCollection(TS003_HomeScripts03.java:88)
... Removed 25 stack frames]]>
    </failure>
  </testcase> <!-- TS003_HomeScripts03_Home1_checkCollectionOnTopAfterEditCollection -->
  <testcase classname="TestCases.TS003_HomeScripts03" name="TS003_HomeScripts03_Home2_checkCollectionOnTopAfterAddCollection" time="89.894"/>
  <testcase classname="TestCases.TS003_HomeScripts03" name="TS003_HomeScripts03_Home3_checkCollectionOnTopAfterMoveTodo" time="161.348"/>
  <testcase classname="TestCases.TS003_HomeScripts03" name="TS003_HomeScripts03_Home5_checkCollectionOnTopAfterMoveContact" time="175.217"/>
  <testcase classname="TestCases.TS003_HomeScripts03" name="TS003_HomeScripts03_Home6_checkCollectionOnTopAfterMoveNote" time="145.252"/>
  <testcase classname="TestCases.TS003_HomeScripts03" name="TS003_HomeScripts03_Home7_checkCollectionOnTopAfterMoveEmail" time="263.311"/>
</testsuite> <!-- XML001_Home -->
