<?xml version="1.0" encoding="UTF-8"?>
<!-- Generated by org.testng.reporters.JUnitReportReporter -->
<testsuite hostname="Bis-Mac-mini.local" failures="0" tests="7" name="TestCases.TS005_EmailScripts06" time="139.219" errors="1" timestamp="05 Mar 2019 22:47:13 GMT" skipped="6">
  <testcase classname="TestCases.TS005_EmailScripts06" name="TS005_EmailScripts06_Email1_replyEmailInDetail" time="0.000">
    <skipped/>
  </testcase> <!-- TS005_EmailScripts06_Email1_replyEmailInDetail -->
  <testcase classname="TestCases.TS005_EmailScripts06" name="TS005_EmailScripts06_Email4_createNewEventInDetail" time="0.000">
    <skipped/>
  </testcase> <!-- TS005_EmailScripts06_Email4_createNewEventInDetail -->
  <testcase classname="TestCases.TS005_EmailScripts06" name="TS005_EmailScripts06_Email5_createNewTodoInDetail" time="0.001">
    <skipped/>
  </testcase> <!-- TS005_EmailScripts06_Email5_createNewTodoInDetail -->
  <testcase classname="TestCases.TS005_EmailScripts06" name="SetUp" time="139.216">
    <error message="An unknown server-side error occurred while processing the command. Original error: Error Domain=com.facebook.WebDriverAgent Code=1 &quot;The element &#039;Cell&#039; is not visible on the screen and thus is not interactable&quot; UserInfo={NSLocalizedDescription=The element &#039;Cell&#039; is not visible on the screen and thus is not interactable}
Build info: version: &#039;3.14.0&#039;, revision: &#039;aacccce0&#039;, time: &#039;2018-08-02T20:19:58.91Z&#039;
System info: host: &#039;Bis-Mac-mini.local&#039;, ip: &#039;192.168.1.48&#039;, os.name: &#039;Mac OS X&#039;, os.arch: &#039;x86_64&#039;, os.version: &#039;10.14.2&#039;, java.version: &#039;10.0.2&#039;
Driver info: io.appium.java_client.ios.IOSDriver
Capabilities {app: /Users/Bi_DATA/FileFloApp/F..., automationName: XCUITest, browserName: , databaseEnabled: false, deviceName: iPhone 6s, javascriptEnabled: true, locationContextEnabled: false, networkConnectionEnabled: false, newCommandTimeout: 4000, noReset: false, platform: MAC, platformName: iOS, platformVersion: 12.0, showXcodeLog: true, takesScreenshot: true, udid: 94D12BCB-9253-4B1A-B4CB-B2D..., webStorageEnabled: false}
Session ID: 52765d85-9044-4807-b031-97c7477eabb9" type="org.openqa.selenium.WebDriverException">
      <![CDATA[org.openqa.selenium.WebDriverException: An unknown server-side error occurred while processing the command. Original error: Error Domain=com.facebook.WebDriverAgent Code=1 "The element 'Cell' is not visible on the screen and thus is not interactable" UserInfo={NSLocalizedDescription=The element 'Cell' is not visible on the screen and thus is not interactable}
Build info: version: '3.14.0', revision: 'aacccce0', time: '2018-08-02T20:19:58.91Z'
System info: host: 'Bis-Mac-mini.local', ip: '192.168.1.48', os.name: 'Mac OS X', os.arch: 'x86_64', os.version: '10.14.2', java.version: '10.0.2'
Driver info: io.appium.java_client.ios.IOSDriver
Capabilities {app: /Users/Bi_DATA/FileFloApp/F..., automationName: XCUITest, browserName: , databaseEnabled: false, deviceName: iPhone 6s, javascriptEnabled: true, locationContextEnabled: false, networkConnectionEnabled: false, newCommandTimeout: 4000, noReset: false, platform: MAC, platformName: iOS, platformVersion: 12.0, showXcodeLog: true, takesScreenshot: true, udid: 94D12BCB-9253-4B1A-B4CB-B2D..., webStorageEnabled: false}
Session ID: 52765d85-9044-4807-b031-97c7477eabb9
	at java.base/jdk.internal.reflect.NativeConstructorAccessorImpl.newInstance0(Native Method)
	at java.base/jdk.internal.reflect.NativeConstructorAccessorImpl.newInstance(NativeConstructorAccessorImpl.java:62)
	at java.base/jdk.internal.reflect.DelegatingConstructorAccessorImpl.newInstance(DelegatingConstructorAccessorImpl.java:45)
	at java.base/java.lang.reflect.Constructor.newInstance(Constructor.java:488)
	at org.openqa.selenium.remote.http.W3CHttpResponseCodec.createException(W3CHttpResponseCodec.java:187)
	at org.openqa.selenium.remote.http.W3CHttpResponseCodec.decode(W3CHttpResponseCodec.java:122)
	at org.openqa.selenium.remote.http.W3CHttpResponseCodec.decode(W3CHttpResponseCodec.java:49)
	at org.openqa.selenium.remote.HttpCommandExecutor.execute(HttpCommandExecutor.java:158)
	at io.appium.java_client.remote.AppiumCommandExecutor.execute(AppiumCommandExecutor.java:231)
	at org.openqa.selenium.remote.RemoteWebDriver.execute(RemoteWebDriver.java:548)
	at io.appium.java_client.DefaultGenericMobileDriver.execute(DefaultGenericMobileDriver.java:42)
	at io.appium.java_client.AppiumDriver.execute(AppiumDriver.java:1)
	at io.appium.java_client.ios.IOSDriver.execute(IOSDriver.java:1)
	at io.appium.java_client.PerformsTouchActions.performTouchAction(PerformsTouchActions.java:41)
	at io.appium.java_client.TouchAction.perform(TouchAction.java:187)
	at Support.SetupServer.longPressElement(SetupServer.java:285)
	at Keywords.CommonKeywords.clearView(CommonKeywords.java:1399)
	at TestCases.TS005_EmailScripts06.SetUp(TS005_EmailScripts06.java:69)
	at java.base/jdk.internal.reflect.NativeMethodAccessorImpl.invoke0(Native Method)
	at java.base/jdk.internal.reflect.NativeMethodAccessorImpl.invoke(NativeMethodAccessorImpl.java:62)
	at java.base/jdk.internal.reflect.DelegatingMethodAccessorImpl.invoke(DelegatingMethodAccessorImpl.java:43)
	at java.base/java.lang.reflect.Method.invoke(Method.java:564)
	at org.testng.internal.MethodInvocationHelper.invokeMethod(MethodInvocationHelper.java:108)
	at org.testng.internal.Invoker.invokeConfigurationMethod(Invoker.java:523)
	at org.testng.internal.Invoker.invokeConfigurations(Invoker.java:224)
	at org.testng.internal.Invoker.invokeConfigurations(Invoker.java:146)
	at org.testng.internal.TestMethodWorker.invokeBeforeClassMethods(TestMethodWorker.java:166)
	at org.testng.internal.TestMethodWorker.run(TestMethodWorker.java:105)
	at org.testng.TestRunner.privateRun(TestRunner.java:744)
	at org.testng.TestRunner.run(TestRunner.java:602)
	at org.testng.SuiteRunner.runTest(SuiteRunner.java:380)
	at org.testng.SuiteRunner.runSequentially(SuiteRunner.java:375)
	at org.testng.SuiteRunner.privateRun(SuiteRunner.java:340)
	at org.testng.SuiteRunner.run(SuiteRunner.java:289)
	at org.testng.SuiteRunnerWorker.runSuite(SuiteRunnerWorker.java:52)
	at org.testng.SuiteRunnerWorker.run(SuiteRunnerWorker.java:86)
	at org.testng.TestNG.runSuitesSequentially(TestNG.java:1301)
	at org.testng.TestNG.runSuitesLocally(TestNG.java:1226)
	at org.testng.TestNG.runSuites(TestNG.java:1144)
	at org.testng.TestNG.run(TestNG.java:1115)
	at org.testng.IDEARemoteTestNG.run(IDEARemoteTestNG.java:72)
	at org.testng.RemoteTestNGStarter.main(RemoteTestNGStarter.java:123)
]]>
    </error>
  </testcase> <!-- SetUp -->
  <testcase classname="TestCases.TS005_EmailScripts06" name="TS005_EmailScripts06_Email3_forwardEmailInDetail" time="0.000">
    <skipped/>
  </testcase> <!-- TS005_EmailScripts06_Email3_forwardEmailInDetail -->
  <testcase classname="TestCases.TS005_EmailScripts06" name="TS005_EmailScripts06_Email0_moveEmailToOtherFolderInDetail" time="0.002">
    <skipped/>
  </testcase> <!-- TS005_EmailScripts06_Email0_moveEmailToOtherFolderInDetail -->
  <testcase classname="TestCases.TS005_EmailScripts06" name="TS005_EmailScripts06_Email2_replyAllEmailInDetail" time="0.000">
    <skipped/>
  </testcase> <!-- TS005_EmailScripts06_Email2_replyAllEmailInDetail -->
</testsuite> <!-- TestCases.TS005_EmailScripts06 -->
