<?xml version="1.0" encoding="UTF-8"?>
<!-- Generated by org.testng.reporters.JUnitReportReporter -->
<testsuite hostname="Bis-Mac-mini.local" failures="1" tests="10" name="TestCases.TS010_CollectionScripts04" time="1420.173" errors="0" timestamp="05 Mar 2019 22:47:13 GMT" skipped="5">
  <testcase classname="TestCases.TS010_CollectionScripts04" name="TS010_CollectionScripts04_Collection3_moveContactToCollectionBySwipe" time="135.333">
    <failure message="Test case is failed" type="java.lang.AssertionError">
      <![CDATA[java.lang.AssertionError: Test case is failed
	at org.testng.Assert.fail(Assert.java:93)
	at TestCases.TS010_CollectionScripts04.TS010_CollectionScripts04_Collection3_moveContactToCollectionBySwipe(TS010_CollectionScripts04.java:173)
	at java.base/jdk.internal.reflect.NativeMethodAccessorImpl.invoke0(Native Method)
	at java.base/jdk.internal.reflect.NativeMethodAccessorImpl.invoke(NativeMethodAccessorImpl.java:62)
	at java.base/jdk.internal.reflect.DelegatingMethodAccessorImpl.invoke(DelegatingMethodAccessorImpl.java:43)
	at java.base/java.lang.reflect.Method.invoke(Method.java:564)
	at org.testng.internal.MethodInvocationHelper.invokeMethod(MethodInvocationHelper.java:108)
	at org.testng.internal.Invoker.invokeMethod(Invoker.java:661)
	at org.testng.internal.Invoker.retryFailed(Invoker.java:1014)
	at org.testng.internal.Invoker.invokeTestMethods(Invoker.java:1215)
	at org.testng.internal.TestMethodWorker.invokeTestMethods(TestMethodWorker.java:126)
	at org.testng.internal.TestMethodWorker.run(TestMethodWorker.java:109)
	at org.testng.TestRunner.privateRun(TestRunner.java:744)
	at org.testng.TestRunner.run(TestRunner.java:602)
	at org.testng.SuiteRunner.runTest(SuiteRunner.java:380)
	at org.testng.SuiteRunner.runSequentially(SuiteRunner.java:375)
	at org.testng.SuiteRunner.privateRun(SuiteRunner.java:340)
	at org.testng.SuiteRunner.run(SuiteRunner.java:289)
	at org.testng.SuiteRunnerWorker.runSuite(SuiteRunnerWorker.java:52)
	at org.testng.SuiteRunnerWorker.run(SuiteRunnerWorker.java:86)
	at org.testng.TestNG.runSuitesSequentially(TestNG.java:1301)
	at org.testng.TestNG.runSuitesLocally(TestNG.java:1226)
	at org.testng.TestNG.runSuites(TestNG.java:1144)
	at org.testng.TestNG.run(TestNG.java:1115)
	at org.testng.IDEARemoteTestNG.run(IDEARemoteTestNG.java:72)
	at org.testng.RemoteTestNGStarter.main(RemoteTestNGStarter.java:123)
]]>
    </failure>
  </testcase> <!-- TS010_CollectionScripts04_Collection3_moveContactToCollectionBySwipe -->
  <testcase classname="TestCases.TS010_CollectionScripts04" name="TS010_CollectionScripts04_Collection2_createNewEventBySwipeOnContact" time="181.536">
    <skipped/>
  </testcase> <!-- TS010_CollectionScripts04_Collection2_createNewEventBySwipeOnContact -->
  <testcase classname="TestCases.TS010_CollectionScripts04" name="TS010_CollectionScripts04_Collection4_addContactToCollectionBySwipe" time="155.107"/>
  <testcase classname="TestCases.TS010_CollectionScripts04" name="TS010_CollectionScripts04_Collection1_sendAnEmailBySwipeOnContact" time="143.673"/>
  <testcase classname="TestCases.TS010_CollectionScripts04" name="TS010_CollectionScripts04_Collection2_createNewEventBySwipeOnContact" time="220.156"/>
  <testcase classname="TestCases.TS010_CollectionScripts04" name="TS010_CollectionScripts04_Collection3_moveContactToCollectionBySwipe" time="134.599">
    <skipped/>
  </testcase> <!-- TS010_CollectionScripts04_Collection3_moveContactToCollectionBySwipe -->
  <testcase classname="TestCases.TS010_CollectionScripts04" name="TS010_CollectionScripts04_Collection1_sendAnEmailBySwipeOnContact" time="157.390">
    <skipped/>
  </testcase> <!-- TS010_CollectionScripts04_Collection1_sendAnEmailBySwipeOnContact -->
  <testcase classname="TestCases.TS010_CollectionScripts04" name="TS010_CollectionScripts04_Collection5_deleteContactBySwipe" time="26.169"/>
  <testcase classname="TestCases.TS010_CollectionScripts04" name="TS010_CollectionScripts04_Collection3_moveContactToCollectionBySwipe" time="138.857">
    <skipped/>
  </testcase> <!-- TS010_CollectionScripts04_Collection3_moveContactToCollectionBySwipe -->
  <testcase classname="TestCases.TS010_CollectionScripts04" name="TS010_CollectionScripts04_Collection3_moveContactToCollectionBySwipe" time="127.353">
    <skipped/>
  </testcase> <!-- TS010_CollectionScripts04_Collection3_moveContactToCollectionBySwipe -->
</testsuite> <!-- TestCases.TS010_CollectionScripts04 -->
