<?xml version="1.0" encoding="UTF-8"?>
<!-- Generated by org.testng.reporters.JUnitReportReporter -->
<testsuite hostname="Bis-Mac-mini.local" failures="0" tests="10" name="TestCases.TS010_CollectionScripts03" time="137.000" errors="1" timestamp="05 Mar 2019 22:47:13 GMT" skipped="9">
  <testcase classname="TestCases.TS010_CollectionScripts03" name="TS010_CollectionScripts03_Collection3_addDueForToDoBySwipe" time="0.000">
    <skipped/>
  </testcase> <!-- TS010_CollectionScripts03_Collection3_addDueForToDoBySwipe -->
  <testcase classname="TestCases.TS010_CollectionScripts03" name="TS010_CollectionScripts03_Collection3_addDueForToDoBySwipe" time="0.000">
    <skipped/>
  </testcase> <!-- TS010_CollectionScripts03_Collection3_addDueForToDoBySwipe -->
  <testcase classname="TestCases.TS010_CollectionScripts03" name="TS010_CollectionScripts03_Collection6_deleteToDoBySwipe" time="0.000">
    <skipped/>
  </testcase> <!-- TS010_CollectionScripts03_Collection6_deleteToDoBySwipe -->
  <testcase classname="TestCases.TS010_CollectionScripts03" name="TS010_CollectionScripts03_Collection4_MoveToDoToCollectionBySwipe" time="0.000">
    <skipped/>
  </testcase> <!-- TS010_CollectionScripts03_Collection4_MoveToDoToCollectionBySwipe -->
  <testcase classname="TestCases.TS010_CollectionScripts03" name="TS010_CollectionScripts03_Collection3_addDueForToDoBySwipe" time="0.000">
    <skipped/>
  </testcase> <!-- TS010_CollectionScripts03_Collection3_addDueForToDoBySwipe -->
  <testcase classname="TestCases.TS010_CollectionScripts03" name="TS010_CollectionScripts03_Collection5_addToDoToCollectionBySwipe" time="0.000">
    <skipped/>
  </testcase> <!-- TS010_CollectionScripts03_Collection5_addToDoToCollectionBySwipe -->
  <testcase classname="TestCases.TS010_CollectionScripts03" name="TS010_CollectionScripts03_Collection3_addDueForToDoBySwipe" time="0.000">
    <skipped/>
  </testcase> <!-- TS010_CollectionScripts03_Collection3_addDueForToDoBySwipe -->
  <testcase classname="TestCases.TS010_CollectionScripts03" name="SetUp" time="136.999">
    <error message="An unknown server-side error occurred while processing the command. Original error: The application under test with bundle id &#039;com.floware.flo&#039; is not running, possibly crashed
Build info: version: &#039;3.14.0&#039;, revision: &#039;aacccce0&#039;, time: &#039;2018-08-02T20:19:58.91Z&#039;
System info: host: &#039;Bis-Mac-mini.local&#039;, ip: &#039;192.168.1.48&#039;, os.name: &#039;Mac OS X&#039;, os.arch: &#039;x86_64&#039;, os.version: &#039;10.14.2&#039;, java.version: &#039;10.0.2&#039;
Driver info: io.appium.java_client.ios.IOSDriver
Capabilities {app: /Users/Bi_DATA/FileFloApp/F..., automationName: XCUITest, browserName: , databaseEnabled: false, deviceName: iPhone 6s, javascriptEnabled: true, locationContextEnabled: false, networkConnectionEnabled: false, newCommandTimeout: 4000, noReset: false, platform: MAC, platformName: iOS, platformVersion: 12.0, showXcodeLog: true, takesScreenshot: true, udid: 94D12BCB-9253-4B1A-B4CB-B2D..., webStorageEnabled: false}
Session ID: 30dba0f1-6475-43ca-b787-7ebfd44ef732" type="org.openqa.selenium.WebDriverException">
      <![CDATA[org.openqa.selenium.WebDriverException: An unknown server-side error occurred while processing the command. Original error: The application under test with bundle id 'com.floware.flo' is not running, possibly crashed
Build info: version: '3.14.0', revision: 'aacccce0', time: '2018-08-02T20:19:58.91Z'
System info: host: 'Bis-Mac-mini.local', ip: '192.168.1.48', os.name: 'Mac OS X', os.arch: 'x86_64', os.version: '10.14.2', java.version: '10.0.2'
Driver info: io.appium.java_client.ios.IOSDriver
Capabilities {app: /Users/Bi_DATA/FileFloApp/F..., automationName: XCUITest, browserName: , databaseEnabled: false, deviceName: iPhone 6s, javascriptEnabled: true, locationContextEnabled: false, networkConnectionEnabled: false, newCommandTimeout: 4000, noReset: false, platform: MAC, platformName: iOS, platformVersion: 12.0, showXcodeLog: true, takesScreenshot: true, udid: 94D12BCB-9253-4B1A-B4CB-B2D..., webStorageEnabled: false}
Session ID: 30dba0f1-6475-43ca-b787-7ebfd44ef732
	at java.base/jdk.internal.reflect.NativeConstructorAccessorImpl.newInstance0(Native Method)
	at java.base/jdk.internal.reflect.NativeConstructorAccessorImpl.newInstance(NativeConstructorAccessorImpl.java:62)
	at java.base/jdk.internal.reflect.DelegatingConstructorAccessorImpl.newInstance(DelegatingConstructorAccessorImpl.java:45)
	at java.base/java.lang.reflect.Constructor.newInstance(Constructor.java:488)
	at org.openqa.selenium.remote.http.W3CHttpResponseCodec.createException(W3CHttpResponseCodec.java:187)
	at org.openqa.selenium.remote.http.W3CHttpResponseCodec.decode(W3CHttpResponseCodec.java:122)
	at org.openqa.selenium.remote.http.W3CHttpResponseCodec.decode(W3CHttpResponseCodec.java:49)
	at org.openqa.selenium.remote.HttpCommandExecutor.execute(HttpCommandExecutor.java:158)
	at io.appium.java_client.remote.AppiumCommandExecutor.execute(AppiumCommandExecutor.java:231)
	at org.openqa.selenium.remote.RemoteWebDriver.execute(RemoteWebDriver.java:548)
	at io.appium.java_client.DefaultGenericMobileDriver.execute(DefaultGenericMobileDriver.java:42)
	at io.appium.java_client.AppiumDriver.execute(AppiumDriver.java:1)
	at io.appium.java_client.ios.IOSDriver.execute(IOSDriver.java:1)
	at io.appium.java_client.PerformsTouchActions.performTouchAction(PerformsTouchActions.java:41)
	at io.appium.java_client.TouchAction.perform(TouchAction.java:187)
	at Support.SetupServer.touchActionSwipe(SetupServer.java:232)
	at Keywords.SettingsKeywords.clickSettingOptionList(SettingsKeywords.java:50)
	at TestCases.TS010_CollectionScripts03.SetUp(TS010_CollectionScripts03.java:69)
	at java.base/jdk.internal.reflect.NativeMethodAccessorImpl.invoke0(Native Method)
	at java.base/jdk.internal.reflect.NativeMethodAccessorImpl.invoke(NativeMethodAccessorImpl.java:62)
	at java.base/jdk.internal.reflect.DelegatingMethodAccessorImpl.invoke(DelegatingMethodAccessorImpl.java:43)
	at java.base/java.lang.reflect.Method.invoke(Method.java:564)
	at org.testng.internal.MethodInvocationHelper.invokeMethod(MethodInvocationHelper.java:108)
	at org.testng.internal.Invoker.invokeConfigurationMethod(Invoker.java:523)
	at org.testng.internal.Invoker.invokeConfigurations(Invoker.java:224)
	at org.testng.internal.Invoker.invokeConfigurations(Invoker.java:146)
	at org.testng.internal.TestMethodWorker.invokeBeforeClassMethods(TestMethodWorker.java:166)
	at org.testng.internal.TestMethodWorker.run(TestMethodWorker.java:105)
	at org.testng.TestRunner.privateRun(TestRunner.java:744)
	at org.testng.TestRunner.run(TestRunner.java:602)
	at org.testng.SuiteRunner.runTest(SuiteRunner.java:380)
	at org.testng.SuiteRunner.runSequentially(SuiteRunner.java:375)
	at org.testng.SuiteRunner.privateRun(SuiteRunner.java:340)
	at org.testng.SuiteRunner.run(SuiteRunner.java:289)
	at org.testng.SuiteRunnerWorker.runSuite(SuiteRunnerWorker.java:52)
	at org.testng.SuiteRunnerWorker.run(SuiteRunnerWorker.java:86)
	at org.testng.TestNG.runSuitesSequentially(TestNG.java:1301)
	at org.testng.TestNG.runSuitesLocally(TestNG.java:1226)
	at org.testng.TestNG.runSuites(TestNG.java:1144)
	at org.testng.TestNG.run(TestNG.java:1115)
	at org.testng.IDEARemoteTestNG.run(IDEARemoteTestNG.java:72)
	at org.testng.RemoteTestNGStarter.main(RemoteTestNGStarter.java:123)
]]>
    </error>
  </testcase> <!-- SetUp -->
  <testcase classname="TestCases.TS010_CollectionScripts03" name="TS010_CollectionScripts03_Collection2_addNoteLinkedToDoBySwipe" time="0.000">
    <skipped/>
  </testcase> <!-- TS010_CollectionScripts03_Collection2_addNoteLinkedToDoBySwipe -->
  <testcase classname="TestCases.TS010_CollectionScripts03" name="TS010_CollectionScripts03_Collection1_addEmailLinkedToDoBySwipe" time="0.001">
    <skipped/>
  </testcase> <!-- TS010_CollectionScripts03_Collection1_addEmailLinkedToDoBySwipe -->
</testsuite> <!-- TestCases.TS010_CollectionScripts03 -->
